<?xml version="1.0" encoding="UTF-8"?>
<testng-results skipped="0" failed="0" total="1" passed="1">
  <reporter-output>
  </reporter-output>
  <suite name="Default suite" duration-ms="5253" started-at="2019-10-11T09:56:55Z" finished-at="2019-10-11T09:57:00Z">
    <groups>
    </groups>
    <test name="Default test" duration-ms="5253" started-at="2019-10-11T09:56:55Z" finished-at="2019-10-11T09:57:00Z">
      <class name="TestPackage.Trends">
        <test-method status="PASS" signature="trendingHashtags()[pri:0, instance:TestPackage.Trends@6325a3ee]" name="trendingHashtags" duration-ms="5209" started-at="2019-10-11T15:26:55Z" finished-at="2019-10-11T15:27:00Z">
          <reporter-output>
          </reporter-output>
        </test-method> <!-- trendingHashtags -->
      </class> <!-- TestPackage.Trends -->
    </test> <!-- Default test -->
  </suite> <!-- Default suite -->
</testng-results>
